# Logfile created on 2014-03-02 15:34:40 +0000 by logger.rb/41954
I, [2014-03-02T15:34:40.149740 #7743]  INFO -- : 0:  rake (0.9.2.2) from /Users/coldfumonkeh/.rvm/rubies/ruby-2.0.0-p353/lib/ruby/gems/2.0.0/specifications/rake-0.9.2.2.gemspec
I, [2014-03-02T15:34:41.006739 #7743]  INFO -- : 0:  addressable (2.2.6) from /Users/coldfumonkeh/.rvm/rubies/ruby-2.0.0-p353/lib/ruby/gems/2.0.0/specifications/addressable-2.2.6.gemspec
I, [2014-03-02T15:34:47.304757 #7743]  INFO -- : 0:  bcrypt-ruby (3.0.1) from /Users/coldfumonkeh/.rvm/rubies/ruby-2.0.0-p353/lib/ruby/gems/2.0.0/specifications/bcrypt-ruby-3.0.1.gemspec
I, [2014-03-02T15:34:47.813321 #7743]  INFO -- : 0:  colorize (0.6.0) from /Users/coldfumonkeh/.rvm/rubies/ruby-2.0.0-p353/lib/ruby/gems/2.0.0/specifications/colorize-0.6.0.gemspec
I, [2014-03-02T15:34:49.979388 #7743]  INFO -- : 0:  json (1.6.5) from /Users/coldfumonkeh/.rvm/rubies/ruby-2.0.0-p353/lib/ruby/gems/2.0.0/specifications/json-1.6.5.gemspec
I, [2014-03-02T15:34:50.886397 #7743]  INFO -- : 0:  mime-types (2.1) from /Users/coldfumonkeh/.rvm/rubies/ruby-2.0.0-p353/lib/ruby/gems/2.0.0/specifications/mime-types-2.1.gemspec
I, [2014-03-02T15:34:51.466302 #7743]  INFO -- : 0:  rest-client (1.6.7) from /Users/coldfumonkeh/.rvm/rubies/ruby-2.0.0-p353/lib/ruby/gems/2.0.0/specifications/rest-client-1.6.7.gemspec
I, [2014-03-02T15:34:52.039750 #7743]  INFO -- : 0:  docile (1.1.3) from /Users/coldfumonkeh/.rvm/rubies/ruby-2.0.0-p353/lib/ruby/gems/2.0.0/specifications/docile-1.1.3.gemspec
I, [2014-03-02T15:34:52.504767 #7743]  INFO -- : 0:  multi_json (1.0.4) from /Users/coldfumonkeh/.rvm/rubies/ruby-2.0.0-p353/lib/ruby/gems/2.0.0/specifications/multi_json-1.0.4.gemspec
I, [2014-03-02T15:34:53.393916 #7743]  INFO -- : 0:  simplecov-html (0.8.0) from /Users/coldfumonkeh/.rvm/rubies/ruby-2.0.0-p353/lib/ruby/gems/2.0.0/specifications/simplecov-html-0.8.0.gemspec
I, [2014-03-02T15:34:53.963476 #7743]  INFO -- : 0:  simplecov (0.8.2) from /Users/coldfumonkeh/.rvm/rubies/ruby-2.0.0-p353/lib/ruby/gems/2.0.0/specifications/simplecov-0.8.2.gemspec
I, [2014-03-02T15:34:53.963840 #7743]  INFO -- : 0:  thor (0.18.1) from /Users/coldfumonkeh/.rvm/rubies/ruby-2.0.0-p353/lib/ruby/gems/2.0.0/specifications/thor-0.18.1.gemspec
I, [2014-03-02T15:34:54.993053 #7743]  INFO -- : 0:  coveralls (0.5.8) from /Users/coldfumonkeh/.rvm/rubies/ruby-2.0.0-p353/lib/ruby/gems/2.0.0/specifications/coveralls-0.5.8.gemspec
I, [2014-03-02T15:34:56.091416 #7743]  INFO -- : 0:  dm-core (1.2.0) from /Users/coldfumonkeh/.rvm/rubies/ruby-2.0.0-p353/lib/ruby/gems/2.0.0/specifications/dm-core-1.2.0.gemspec
I, [2014-03-02T15:34:56.787154 #7743]  INFO -- : 0:  dm-aggregates (1.2.0) from /Users/coldfumonkeh/.rvm/rubies/ruby-2.0.0-p353/lib/ruby/gems/2.0.0/specifications/dm-aggregates-1.2.0.gemspec
I, [2014-03-02T15:34:57.364651 #7743]  INFO -- : 0:  dm-constraints (1.2.0) from /Users/coldfumonkeh/.rvm/rubies/ruby-2.0.0-p353/lib/ruby/gems/2.0.0/specifications/dm-constraints-1.2.0.gemspec
I, [2014-03-02T15:34:57.871253 #7743]  INFO -- : 0:  dm-migrations (1.2.0) from /Users/coldfumonkeh/.rvm/rubies/ruby-2.0.0-p353/lib/ruby/gems/2.0.0/specifications/dm-migrations-1.2.0.gemspec
I, [2014-03-02T15:34:58.924806 #7743]  INFO -- : 0:  fastercsv (1.5.4) from /Users/coldfumonkeh/.rvm/rubies/ruby-2.0.0-p353/lib/ruby/gems/2.0.0/specifications/fastercsv-1.5.4.gemspec
I, [2014-03-02T15:35:00.132346 #7743]  INFO -- : 0:  json_pure (1.6.5) from /Users/coldfumonkeh/.rvm/rubies/ruby-2.0.0-p353/lib/ruby/gems/2.0.0/specifications/json_pure-1.6.5.gemspec
I, [2014-03-02T15:35:01.121334 #7743]  INFO -- : 0:  dm-serializer (1.2.1) from /Users/coldfumonkeh/.rvm/rubies/ruby-2.0.0-p353/lib/ruby/gems/2.0.0/specifications/dm-serializer-1.2.1.gemspec
I, [2014-03-02T15:35:01.576213 #7743]  INFO -- : 0:  dm-timestamps (1.2.0) from /Users/coldfumonkeh/.rvm/rubies/ruby-2.0.0-p353/lib/ruby/gems/2.0.0/specifications/dm-timestamps-1.2.0.gemspec
I, [2014-03-02T15:35:02.057546 #7743]  INFO -- : 0:  dm-transactions (1.2.0) from /Users/coldfumonkeh/.rvm/rubies/ruby-2.0.0-p353/lib/ruby/gems/2.0.0/specifications/dm-transactions-1.2.0.gemspec
I, [2014-03-02T15:35:03.037193 #7743]  INFO -- : 0:  stringex (1.3.0) from /Users/coldfumonkeh/.rvm/rubies/ruby-2.0.0-p353/lib/ruby/gems/2.0.0/specifications/stringex-1.3.0.gemspec
I, [2014-03-02T15:35:03.517498 #7743]  INFO -- : 0:  uuidtools (2.1.2) from /Users/coldfumonkeh/.rvm/rubies/ruby-2.0.0-p353/lib/ruby/gems/2.0.0/specifications/uuidtools-2.1.2.gemspec
I, [2014-03-02T15:35:04.783343 #7743]  INFO -- : 0:  dm-types (1.2.1) from /Users/coldfumonkeh/.rvm/rubies/ruby-2.0.0-p353/lib/ruby/gems/2.0.0/specifications/dm-types-1.2.1.gemspec
I, [2014-03-02T15:35:05.409015 #7743]  INFO -- : 0:  dm-validations (1.2.0) from /Users/coldfumonkeh/.rvm/rubies/ruby-2.0.0-p353/lib/ruby/gems/2.0.0/specifications/dm-validations-1.2.0.gemspec
I, [2014-03-02T15:35:05.881631 #7743]  INFO -- : 0:  data_mapper (1.2.0) from /Users/coldfumonkeh/.rvm/rubies/ruby-2.0.0-p353/lib/ruby/gems/2.0.0/specifications/data_mapper-1.2.0.gemspec
I, [2014-03-02T15:35:06.445380 #7743]  INFO -- : 0:  data_objects (0.10.7) from /Users/coldfumonkeh/.rvm/rubies/ruby-2.0.0-p353/lib/ruby/gems/2.0.0/specifications/data_objects-0.10.7.gemspec
I, [2014-03-02T15:35:07.145136 #7743]  INFO -- : 0:  diff-lcs (1.1.3) from /Users/coldfumonkeh/.rvm/rubies/ruby-2.0.0-p353/lib/ruby/gems/2.0.0/specifications/diff-lcs-1.1.3.gemspec
I, [2014-03-02T15:35:07.641703 #7743]  INFO -- : 0:  dm-do-adapter (1.2.0) from /Users/coldfumonkeh/.rvm/rubies/ruby-2.0.0-p353/lib/ruby/gems/2.0.0/specifications/dm-do-adapter-1.2.0.gemspec
I, [2014-03-02T15:35:09.150094 #7743]  INFO -- : 0:  do_sqlite3 (0.10.7) from /Users/coldfumonkeh/.rvm/rubies/ruby-2.0.0-p353/lib/ruby/gems/2.0.0/specifications/do_sqlite3-0.10.7.gemspec
I, [2014-03-02T15:35:10.168756 #7743]  INFO -- : 0:  dm-sqlite-adapter (1.2.0) from /Users/coldfumonkeh/.rvm/rubies/ruby-2.0.0-p353/lib/ruby/gems/2.0.0/specifications/dm-sqlite-adapter-1.2.0.gemspec
I, [2014-03-02T15:35:11.587562 #7743]  INFO -- : 0:  haml (3.1.4) from /Users/coldfumonkeh/.rvm/rubies/ruby-2.0.0-p353/lib/ruby/gems/2.0.0/specifications/haml-3.1.4.gemspec
I, [2014-03-02T15:35:12.444823 #7743]  INFO -- : 0:  rack (1.4.1) from /Users/coldfumonkeh/.rvm/rubies/ruby-2.0.0-p353/lib/ruby/gems/2.0.0/specifications/rack-1.4.1.gemspec
I, [2014-03-02T15:35:13.049858 #7743]  INFO -- : 0:  rack-protection (1.2.0) from /Users/coldfumonkeh/.rvm/rubies/ruby-2.0.0-p353/lib/ruby/gems/2.0.0/specifications/rack-protection-1.2.0.gemspec
I, [2014-03-02T15:35:13.542816 #7743]  INFO -- : 0:  rack-test (0.6.1) from /Users/coldfumonkeh/.rvm/rubies/ruby-2.0.0-p353/lib/ruby/gems/2.0.0/specifications/rack-test-0.6.1.gemspec
I, [2014-03-02T15:35:14.285132 #7743]  INFO -- : 0:  rspec-core (2.8.0) from /Users/coldfumonkeh/.rvm/rubies/ruby-2.0.0-p353/lib/ruby/gems/2.0.0/specifications/rspec-core-2.8.0.gemspec
I, [2014-03-02T15:35:14.973730 #7743]  INFO -- : 0:  rspec-expectations (2.8.0) from /Users/coldfumonkeh/.rvm/rubies/ruby-2.0.0-p353/lib/ruby/gems/2.0.0/specifications/rspec-expectations-2.8.0.gemspec
I, [2014-03-02T15:35:15.559926 #7743]  INFO -- : 0:  rspec-mocks (2.8.0) from /Users/coldfumonkeh/.rvm/rubies/ruby-2.0.0-p353/lib/ruby/gems/2.0.0/specifications/rspec-mocks-2.8.0.gemspec
I, [2014-03-02T15:35:16.068695 #7743]  INFO -- : 0:  rspec (2.8.0) from /Users/coldfumonkeh/.rvm/rubies/ruby-2.0.0-p353/lib/ruby/gems/2.0.0/specifications/rspec-2.8.0.gemspec
I, [2014-03-02T15:35:16.765765 #7743]  INFO -- : 0:  tilt (1.3.3) from /Users/coldfumonkeh/.rvm/rubies/ruby-2.0.0-p353/lib/ruby/gems/2.0.0/specifications/tilt-1.3.3.gemspec
I, [2014-03-02T15:35:18.234986 #7743]  INFO -- : 0:  sinatra (1.3.2) from /Users/coldfumonkeh/.rvm/rubies/ruby-2.0.0-p353/lib/ruby/gems/2.0.0/specifications/sinatra-1.3.2.gemspec
I, [2014-03-02T15:35:18.235314 #7743]  INFO -- : 0:  bundler (1.5.1) from /Users/coldfumonkeh/.rvm/rubies/ruby-2.0.0-p353/lib/ruby/gems/2.0.0/specifications/bundler-1.5.1.gemspec
